An error occurred while executing the following cell:
------------------
try:
    import jax
except ModuleNotFoundError:
    %pip install -qqq jax jaxlib
    import jax

import jax.numpy as jnp
from jax import lax

try:
    from tensorflow_probability.substrates import jax as tfp
except ModuleNotFoundError:
    %pip install -qqq tensorflow_probability
    from tensorflow_probability.substrates import jax as tfp

try:
    import optax
except ModuleNotFoundError:
    %pip install -qqq optax
    import optax

try:
    from rich import print
except ModuleNotFoundError:
    %pip install -qqq rich
    from rich import print

try:
    from tqdm import trange
except:
    %pip install -qqq tqdm
    from tqdm import trange


import seaborn as sns
import numpy as np
import matplotlib.pyplot as plt
import warnings

warnings.filterwarnings("ignore")
dist = tfp.distributions

plt.rc("font", size=10)  # controls default text sizes
plt.rc("axes", labelsize=12)  # fontsize of the x and y labels
plt.rc("legend", fontsize=12)  # legend fontsize
plt.rc("figure", titlesize=15)  # fontsize of the figure title
------------------

---------------------------------------------------------------------------
ModuleNotFoundError                       Traceback (most recent call last)
/tmp/ipykernel_2855/626389752.py in <module>
     16 try:
---> 17     import optax
     18 except ModuleNotFoundError:

ModuleNotFoundError: No module named 'optax'

During handling of the above exception, another exception occurred:

ModuleNotFoundError                       Traceback (most recent call last)
/tmp/ipykernel_2855/626389752.py in <module>
     18 except ModuleNotFoundError:
     19     get_ipython().run_line_magic('pip', 'install -qqq optax')
---> 20     import optax
     21 
     22 try:

ModuleNotFoundError: No module named 'optax'
ModuleNotFoundError: No module named 'optax'
