An error occurred while executing the following cell:
------------------

!pip install  git+git://github.com/lindermanlab/ssm-jax-refactor.git

try:
    import ssm
except ModuleNotFoundError:
    %pip install ssm
    import ssm
------------------

---------------------------------------------------------------------------
ModuleNotFoundError                       Traceback (most recent call last)
/tmp/ipykernel_2543/80757758.py in <module>
      3 try:
----> 4     import ssm
      5 except ModuleNotFoundError:

ModuleNotFoundError: No module named 'ssm'

During handling of the above exception, another exception occurred:

ImportError                               Traceback (most recent call last)
/tmp/ipykernel_2543/80757758.py in <module>
      5 except ModuleNotFoundError:
      6     get_ipython().run_line_magic('pip', 'install ssm')
----> 7     import ssm

~/miniconda3/envs/py37/lib/python3.7/site-packages/ssm/__init__.py in <module>
      1 # Default imports for SSM
      2 
----> 3 from .hmm import *
      4 from .lds import *

~/miniconda3/envs/py37/lib/python3.7/site-packages/ssm/hmm.py in <module>
      7 
      8 from ssm.optimizers import adam_step, rmsprop_step, sgd_step, convex_combination
----> 9 from ssm.primitives import hmm_normalizer, hmm_expected_states, hmm_filter, hmm_sample, viterbi
     10 from ssm.util import ensure_args_are_lists, ensure_args_not_none, \
     11     ensure_slds_args_not_none, ensure_variational_args_are_lists, \

~/miniconda3/envs/py37/lib/python3.7/site-packages/ssm/primitives.py in <module>
      2 import autograd.numpy as np
      3 import autograd.numpy.random as npr
----> 4 from autograd.scipy.misc import logsumexp
      5 from autograd.scipy.linalg import cholesky_banded, solve_banded, solveh_banded
      6 from autograd.extend import primitive, defvjp

ImportError: cannot import name 'logsumexp' from 'autograd.scipy.misc' (/github/home/miniconda3/envs/py37/lib/python3.7/site-packages/autograd/scipy/misc.py)
ImportError: cannot import name 'logsumexp' from 'autograd.scipy.misc' (/github/home/miniconda3/envs/py37/lib/python3.7/site-packages/autograd/scipy/misc.py)
